[2024:03:06:02:38:36:543631 MESSAGE] Welcome to Gnome-Pie 0.7.3!
[2024:03:06:02:38:36:543853 WARNING] Running on Wayland - running with limited options.
[2024:03:06:02:38:36:544874 WARNING] The WindowList slice group is not supported on Wayland.
[2024:03:06:02:38:36:545333 MESSAGE] Loading Pies from "/home/celes/.config/gnome-pie/pies.conf".
[2024:03:06:02:38:36:562227  ERROR ] gnome_pie_app_action_construct: assertion 'icon != NULL' failed
[2024:03:06:02:38:36:562242  ERROR ] gnome_pie_action_group_add_action: assertion 'new_action != NULL' failed
[2024:03:06:02:38:36:565512 WARNING] Failed to find bookmarks file!
[2024:03:06:02:38:36:575595 MESSAGE] Error loading image file: Failed to open file “/org/gtk/libgtk/icons/16x16/actions/media-playback-start.png”: No such file or directory
[2024:03:06:02:38:36:576406 WARNING] Icon "applications-accessories" not found! Using default icon...
[2024:03:06:02:38:36:576956 WARNING] Icon "preferences-system-windows" not found! Using default icon...
[2024:03:06:02:38:36:577976 MESSAGE] Error loading image file: Failed to open file “/org/gtk/libgtk/icons/16x16/actions/list-add.png”: No such file or directory
[2024:03:06:02:38:36:595728 MESSAGE] Error loading image file: Failed to open file “/org/gtk/libgtk/icons/16x16/actions/edit-paste.png”: No such file or directory
[2024:03:06:02:38:36:626810 MESSAGE] Error loading image file: Failed to open file “/home/celes/.config/gnome-pie/themes/minimalistic/preview.png”: No such file or directory
[2024:03:06:02:38:36:632690 MESSAGE] Error loading image file: Failed to open file “/usr/share/icons/tidal-hifi/tidal-hifi.png”: No such file or directory
[2024:03:06:02:38:36:632900 MESSAGE] Error loading image file: Failed to open file “/usr/share/icons/tidal-hifi/tidal-hifi.png”: No such file or directory
[2024:03:06:02:38:36:633220 WARNING] Icon "mpv" not found! Using default icon...
[2024:03:06:02:38:36:633859 WARNING] Icon "mpv" not found! Using default icon...
[2024:03:06:02:38:36:661099 MESSAGE] Started happily...
[2024:03:06:02:40:49:094117 MESSAGE] Caught signal (15), bye!
[2024:03:06:02:47:41:146998 MESSAGE] Welcome to Gnome-Pie 0.7.3!
[2024:03:06:02:47:41:147303 WARNING] Running on Wayland - running with limited options.
[2024:03:06:02:47:41:148430 WARNING] The WindowList slice group is not supported on Wayland.
[2024:03:06:02:47:41:148956 MESSAGE] Loading Pies from "/home/celes/.config/gnome-pie/pies.conf".
[2024:03:06:02:47:41:220446  ERROR ] gnome_pie_app_action_construct: assertion 'icon != NULL' failed
[2024:03:06:02:47:41:220483  ERROR ] gnome_pie_action_group_add_action: assertion 'new_action != NULL' failed
[2024:03:06:02:47:41:464852 WARNING] Failed to find bookmarks file!
[2024:03:06:02:47:41:491741 MESSAGE] Error loading image file: Failed to open file “/org/gtk/libgtk/icons/16x16/actions/media-playback-start.png”: No such file or directory
[2024:03:06:02:47:41:493110 WARNING] Icon "applications-accessories" not found! Using default icon...
[2024:03:06:02:47:41:494651 WARNING] Icon "preferences-system-windows" not found! Using default icon...
[2024:03:06:02:47:41:497080 MESSAGE] Error loading image file: Failed to open file “/org/gtk/libgtk/icons/16x16/actions/list-add.png”: No such file or directory
[2024:03:06:02:47:41:535541 MESSAGE] Error loading image file: Failed to open file “/org/gtk/libgtk/icons/16x16/actions/edit-paste.png”: No such file or directory
[2024:03:06:02:47:41:578429 MESSAGE] Error loading image file: Failed to open file “/home/celes/.config/gnome-pie/themes/minimalistic/preview.png”: No such file or directory
[2024:03:06:02:47:41:584352 MESSAGE] Error loading image file: Failed to open file “/usr/share/icons/tidal-hifi/tidal-hifi.png”: No such file or directory
[2024:03:06:02:47:41:584570 MESSAGE] Error loading image file: Failed to open file “/usr/share/icons/tidal-hifi/tidal-hifi.png”: No such file or directory
[2024:03:06:02:47:41:584957 WARNING] Icon "mpv" not found! Using default icon...
[2024:03:06:02:47:41:585561 WARNING] Icon "mpv" not found! Using default icon...
[2024:03:06:02:47:41:612713 MESSAGE] Started happily...
[2024:03:06:03:01:26:967412 MESSAGE] Caught signal (15), bye!
[2024:03:06:13:38:20:727803 MESSAGE] Welcome to Gnome-Pie 0.7.3!
[2024:03:06:13:38:20:728114 WARNING] Running on Wayland - running with limited options.
[2024:03:06:13:38:20:729230 WARNING] The WindowList slice group is not supported on Wayland.
[2024:03:06:13:38:20:729770 MESSAGE] Loading Pies from "/home/celes/.config/gnome-pie/pies.conf".
[2024:03:06:13:38:20:801838  ERROR ] gnome_pie_app_action_construct: assertion 'icon != NULL' failed
[2024:03:06:13:38:20:801855  ERROR ] gnome_pie_action_group_add_action: assertion 'new_action != NULL' failed
[2024:03:06:13:38:21:027001 WARNING] Failed to find bookmarks file!
[2024:03:06:13:38:21:067700 MESSAGE] Error loading image file: Failed to open file “/org/gtk/libgtk/icons/16x16/actions/media-playback-start.png”: No such file or directory
[2024:03:06:13:38:21:069000 WARNING] Icon "applications-accessories" not found! Using default icon...
[2024:03:06:13:38:21:069672 WARNING] Icon "preferences-system-windows" not found! Using default icon...
[2024:03:06:13:38:21:071612 MESSAGE] Error loading image file: Failed to open file “/org/gtk/libgtk/icons/16x16/actions/list-add.png”: No such file or directory
[2024:03:06:13:38:21:093653 MESSAGE] Error loading image file: Failed to open file “/org/gtk/libgtk/icons/16x16/actions/edit-paste.png”: No such file or directory
[2024:03:06:13:38:21:132792 MESSAGE] Error loading image file: Failed to open file “/home/celes/.config/gnome-pie/themes/minimalistic/preview.png”: No such file or directory
[2024:03:06:13:38:21:142292 MESSAGE] Error loading image file: Failed to open file “/usr/share/icons/tidal-hifi/tidal-hifi.png”: No such file or directory
[2024:03:06:13:38:21:142514 MESSAGE] Error loading image file: Failed to open file “/usr/share/icons/tidal-hifi/tidal-hifi.png”: No such file or directory
[2024:03:06:13:38:21:142821 WARNING] Icon "mpv" not found! Using default icon...
[2024:03:06:13:38:21:143398 WARNING] Icon "mpv" not found! Using default icon...
[2024:03:06:13:38:21:169525 MESSAGE] Started happily...
[2024:03:06:13:43:33:069046 MESSAGE] Caught signal (15), bye!
[2024:03:06:13:52:54:139232 MESSAGE] Welcome to Gnome-Pie 0.7.3!
[2024:03:06:13:52:54:139593 WARNING] Running on Wayland - running with limited options.
[2024:03:06:13:52:54:140822 WARNING] The WindowList slice group is not supported on Wayland.
[2024:03:06:13:52:54:141370 MESSAGE] Loading Pies from "/home/celes/.config/gnome-pie/pies.conf".
[2024:03:06:13:52:54:211373  ERROR ] gnome_pie_app_action_construct: assertion 'icon != NULL' failed
[2024:03:06:13:52:54:211403  ERROR ] gnome_pie_action_group_add_action: assertion 'new_action != NULL' failed
[2024:03:06:13:52:54:443012 WARNING] Failed to find bookmarks file!
[2024:03:06:13:52:54:483566 MESSAGE] Error loading image file: Failed to open file “/org/gtk/libgtk/icons/16x16/actions/media-playback-start.png”: No such file or directory
[2024:03:06:13:52:54:484616 WARNING] Icon "applications-accessories" not found! Using default icon...
[2024:03:06:13:52:54:485963 WARNING] Icon "preferences-system-windows" not found! Using default icon...
[2024:03:06:13:52:54:487893 MESSAGE] Error loading image file: Failed to open file “/org/gtk/libgtk/icons/16x16/actions/list-add.png”: No such file or directory
[2024:03:06:13:52:54:516839 MESSAGE] Error loading image file: Failed to open file “/org/gtk/libgtk/icons/16x16/actions/edit-paste.png”: No such file or directory
[2024:03:06:13:52:54:557941 MESSAGE] Error loading image file: Failed to open file “/home/celes/.config/gnome-pie/themes/minimalistic/preview.png”: No such file or directory
[2024:03:06:13:52:54:568351 MESSAGE] Error loading image file: Failed to open file “/usr/share/icons/tidal-hifi/tidal-hifi.png”: No such file or directory
[2024:03:06:13:52:54:568586 MESSAGE] Error loading image file: Failed to open file “/usr/share/icons/tidal-hifi/tidal-hifi.png”: No such file or directory
[2024:03:06:13:52:54:568896 WARNING] Icon "mpv" not found! Using default icon...
[2024:03:06:13:52:54:569479 WARNING] Icon "mpv" not found! Using default icon...
[2024:03:06:13:52:54:596878 MESSAGE] Started happily...
[2024:03:06:13:53:44:581289 MESSAGE] Main menu changed...
[2024:03:06:13:53:44:585100  ERROR ] gnome_pie_app_action_construct: assertion 'icon != NULL' failed
[2024:03:06:13:53:44:585119  ERROR ] gnome_pie_action_group_add_action: assertion 'new_action != NULL' failed
[2024:03:06:13:56:34:854378 MESSAGE] Main menu changed...
[2024:03:06:13:56:34:872124  ERROR ] gnome_pie_app_action_construct: assertion 'icon != NULL' failed
[2024:03:06:13:56:34:872206  ERROR ] gnome_pie_action_group_add_action: assertion 'new_action != NULL' failed
[2024:03:06:13:59:36:411675 MESSAGE] Caught signal (15), bye!
[2024:03:06:14:17:10:004841 MESSAGE] Welcome to Gnome-Pie 0.7.3!
[2024:03:06:14:17:10:005148 WARNING] Running on Wayland - running with limited options.
[2024:03:06:14:17:10:006368 WARNING] The WindowList slice group is not supported on Wayland.
[2024:03:06:14:17:10:006871 MESSAGE] Loading Pies from "/home/celes/.config/gnome-pie/pies.conf".
[2024:03:06:14:17:10:097040  ERROR ] gnome_pie_app_action_construct: assertion 'icon != NULL' failed
[2024:03:06:14:17:10:097077  ERROR ] gnome_pie_action_group_add_action: assertion 'new_action != NULL' failed
[2024:03:06:14:17:10:321632 WARNING] Failed to find bookmarks file!
[2024:03:06:14:17:10:362319 MESSAGE] Error loading image file: Failed to open file “/org/gtk/libgtk/icons/16x16/actions/media-playback-start.png”: No such file or directory
[2024:03:06:14:17:10:363723 WARNING] Icon "applications-accessories" not found! Using default icon...
[2024:03:06:14:17:10:364886 WARNING] Icon "preferences-system-windows" not found! Using default icon...
[2024:03:06:14:17:10:366822 MESSAGE] Error loading image file: Failed to open file “/org/gtk/libgtk/icons/16x16/actions/list-add.png”: No such file or directory
[2024:03:06:14:17:10:389370 MESSAGE] Error loading image file: Failed to open file “/org/gtk/libgtk/icons/16x16/actions/edit-paste.png”: No such file or directory
[2024:03:06:14:17:10:794673 MESSAGE] Error loading image file: Failed to open file “/home/celes/.config/gnome-pie/themes/minimalistic/preview.png”: No such file or directory
[2024:03:06:14:17:10:805259 MESSAGE] Error loading image file: Failed to open file “/usr/share/icons/tidal-hifi/tidal-hifi.png”: No such file or directory
[2024:03:06:14:17:10:805477 MESSAGE] Error loading image file: Failed to open file “/usr/share/icons/tidal-hifi/tidal-hifi.png”: No such file or directory
[2024:03:06:14:17:10:805842 WARNING] Icon "mpv" not found! Using default icon...
[2024:03:06:14:17:10:806472 WARNING] Icon "mpv" not found! Using default icon...
[2024:03:06:14:17:10:833465 MESSAGE] Started happily...
[2024:03:06:14:17:39:645149 MESSAGE] Error loading image file: Failed to open file “/usr/share/icons/tidal-hifi/tidal-hifi.png”: No such file or directory
[2024:03:06:14:17:39:645487 MESSAGE] Error loading image file: Failed to open file “/usr/share/icons/tidal-hifi/tidal-hifi.png”: No such file or directory
[2024:03:06:14:17:39:645823 WARNING] Icon "mpv" not found! Using default icon...
[2024:03:06:14:17:39:646485 WARNING] Icon "mpv" not found! Using default icon...
[2024:03:06:14:31:02:292618 MESSAGE] Main menu changed...
[2024:03:06:14:31:02:296459  ERROR ] gnome_pie_app_action_construct: assertion 'icon != NULL' failed
[2024:03:06:14:31:02:296478  ERROR ] gnome_pie_action_group_add_action: assertion 'new_action != NULL' failed
[2024:03:06:14:31:02:865804 MESSAGE] Main menu changed...
[2024:03:06:14:31:02:869571  ERROR ] gnome_pie_app_action_construct: assertion 'icon != NULL' failed
[2024:03:06:14:31:02:869590  ERROR ] gnome_pie_action_group_add_action: assertion 'new_action != NULL' failed
[2024:03:06:14:31:04:459148 MESSAGE] Main menu changed...
[2024:03:06:14:31:04:463419  ERROR ] gnome_pie_app_action_construct: assertion 'icon != NULL' failed
[2024:03:06:14:31:04:463437  ERROR ] gnome_pie_action_group_add_action: assertion 'new_action != NULL' failed
[2024:03:06:14:37:12:527767 MESSAGE] Caught signal (15), bye!
[2024:03:06:14:57:12:149295 MESSAGE] Welcome to Gnome-Pie 0.7.3!
[2024:03:06:14:57:12:149575 WARNING] Running on Wayland - running with limited options.
[2024:03:06:14:57:12:150576 WARNING] The WindowList slice group is not supported on Wayland.
[2024:03:06:14:57:12:151050 MESSAGE] Loading Pies from "/home/celes/.config/gnome-pie/pies.conf".
[2024:03:06:14:57:12:256217  ERROR ] gnome_pie_app_action_construct: assertion 'icon != NULL' failed
[2024:03:06:14:57:12:256236  ERROR ] gnome_pie_action_group_add_action: assertion 'new_action != NULL' failed
[2024:03:06:14:57:12:472517 WARNING] Failed to find bookmarks file!
[2024:03:06:14:57:12:513553 MESSAGE] Error loading image file: Failed to open file “/org/gtk/libgtk/icons/16x16/actions/media-playback-start.png”: No such file or directory
[2024:03:06:14:57:12:514583 WARNING] Icon "applications-accessories" not found! Using default icon...
[2024:03:06:14:57:12:515775 WARNING] Icon "preferences-system-windows" not found! Using default icon...
[2024:03:06:14:57:12:517567 MESSAGE] Error loading image file: Failed to open file “/org/gtk/libgtk/icons/16x16/actions/list-add.png”: No such file or directory
[2024:03:06:14:57:12:541755 MESSAGE] Error loading image file: Failed to open file “/org/gtk/libgtk/icons/16x16/actions/edit-paste.png”: No such file or directory
[2024:03:06:14:57:13:019697 MESSAGE] Error loading image file: Failed to open file “/home/celes/.config/gnome-pie/themes/minimalistic/preview.png”: No such file or directory
[2024:03:06:14:57:13:031037 MESSAGE] Error loading image file: Failed to open file “/usr/share/icons/tidal-hifi/tidal-hifi.png”: No such file or directory
[2024:03:06:14:57:13:031285 MESSAGE] Error loading image file: Failed to open file “/usr/share/icons/tidal-hifi/tidal-hifi.png”: No such file or directory
[2024:03:06:14:57:13:031643 WARNING] Icon "mpv" not found! Using default icon...
[2024:03:06:14:57:13:032330 WARNING] Icon "mpv" not found! Using default icon...
[2024:03:06:14:57:13:061398 MESSAGE] Started happily...
[2024:03:06:15:00:04:921773 MESSAGE] Main menu changed...
[2024:03:06:15:00:04:935733  ERROR ] gnome_pie_app_action_construct: assertion 'icon != NULL' failed
[2024:03:06:15:00:04:935802  ERROR ] gnome_pie_action_group_add_action: assertion 'new_action != NULL' failed
[2024:03:06:15:03:32:453031 MESSAGE] Caught signal (15), bye!
[2024:03:06:15:04:59:774729 MESSAGE] Welcome to Gnome-Pie 0.7.3!
[2024:03:06:15:04:59:775039 WARNING] Running on Wayland - running with limited options.
[2024:03:06:15:04:59:776141 WARNING] The WindowList slice group is not supported on Wayland.
[2024:03:06:15:04:59:776757 MESSAGE] Loading Pies from "/home/celes/.config/gnome-pie/pies.conf".
[2024:03:06:15:04:59:878263  ERROR ] gnome_pie_app_action_construct: assertion 'icon != NULL' failed
[2024:03:06:15:04:59:878293  ERROR ] gnome_pie_action_group_add_action: assertion 'new_action != NULL' failed
[2024:03:06:15:05:00:103216 WARNING] Failed to find bookmarks file!
[2024:03:06:15:05:00:129586 MESSAGE] Error loading image file: Failed to open file “/org/gtk/libgtk/icons/16x16/actions/media-playback-start.png”: No such file or directory
[2024:03:06:15:05:00:131321 WARNING] Icon "applications-accessories" not found! Using default icon...
[2024:03:06:15:05:00:132737 WARNING] Icon "preferences-system-windows" not found! Using default icon...
[2024:03:06:15:05:00:135317 MESSAGE] Error loading image file: Failed to open file “/org/gtk/libgtk/icons/16x16/actions/list-add.png”: No such file or directory
[2024:03:06:15:05:00:161721 MESSAGE] Error loading image file: Failed to open file “/org/gtk/libgtk/icons/16x16/actions/edit-paste.png”: No such file or directory
[2024:03:06:15:05:00:609179 MESSAGE] Error loading image file: Failed to open file “/home/celes/.config/gnome-pie/themes/minimalistic/preview.png”: No such file or directory
[2024:03:06:15:05:00:621854 MESSAGE] Error loading image file: Failed to open file “/usr/share/icons/tidal-hifi/tidal-hifi.png”: No such file or directory
[2024:03:06:15:05:00:622076 MESSAGE] Error loading image file: Failed to open file “/usr/share/icons/tidal-hifi/tidal-hifi.png”: No such file or directory
[2024:03:06:15:05:00:622389 WARNING] Icon "mpv" not found! Using default icon...
[2024:03:06:15:05:00:623003 WARNING] Icon "mpv" not found! Using default icon...
[2024:03:06:15:05:00:652508 MESSAGE] Started happily...
[2024:03:06:15:08:47:720975 MESSAGE] Main menu changed...
[2024:03:06:15:08:47:725153  ERROR ] gnome_pie_app_action_construct: assertion 'icon != NULL' failed
[2024:03:06:15:08:47:725173  ERROR ] gnome_pie_action_group_add_action: assertion 'new_action != NULL' failed
[2024:03:06:15:15:22:931963 MESSAGE] Error loading image file: Failed to open file “/usr/share/icons/tidal-hifi/tidal-hifi.png”: No such file or directory
[2024:03:06:15:15:22:932178 MESSAGE] Error loading image file: Failed to open file “/usr/share/icons/tidal-hifi/tidal-hifi.png”: No such file or directory
[2024:03:06:15:15:22:932502 WARNING] Icon "mpv" not found! Using default icon...
[2024:03:06:15:15:22:933115 WARNING] Icon "mpv" not found! Using default icon...
[2024:03:06:15:17:04:857702 MESSAGE] Error loading image file: Failed to open file “/usr/share/icons/tidal-hifi/tidal-hifi.png”: No such file or directory
[2024:03:06:15:17:04:857900 MESSAGE] Error loading image file: Failed to open file “/usr/share/icons/tidal-hifi/tidal-hifi.png”: No such file or directory
[2024:03:06:15:17:04:858190 WARNING] Icon "mpv" not found! Using default icon...
[2024:03:06:15:17:04:858737 WARNING] Icon "mpv" not found! Using default icon...
[2024:03:06:15:18:36:927427 MESSAGE] Error loading image file: Failed to open file “/usr/share/icons/tidal-hifi/tidal-hifi.png”: No such file or directory
[2024:03:06:15:18:36:927624 MESSAGE] Error loading image file: Failed to open file “/usr/share/icons/tidal-hifi/tidal-hifi.png”: No such file or directory
[2024:03:06:15:18:36:927902 WARNING] Icon "mpv" not found! Using default icon...
[2024:03:06:15:18:36:928429 WARNING] Icon "mpv" not found! Using default icon...
[2024:03:06:15:19:34:349493 MESSAGE] Error loading image file: Failed to open file “/usr/share/icons/tidal-hifi/tidal-hifi.png”: No such file or directory
[2024:03:06:15:19:34:349726 MESSAGE] Error loading image file: Failed to open file “/usr/share/icons/tidal-hifi/tidal-hifi.png”: No such file or directory
[2024:03:06:15:19:34:350044 WARNING] Icon "mpv" not found! Using default icon...
[2024:03:06:15:19:34:350697 WARNING] Icon "mpv" not found! Using default icon...
[2024:03:06:15:20:09:578427 MESSAGE] Main menu changed...
[2024:03:06:15:20:09:582282  ERROR ] gnome_pie_app_action_construct: assertion 'icon != NULL' failed
[2024:03:06:15:20:09:582300  ERROR ] gnome_pie_action_group_add_action: assertion 'new_action != NULL' failed
[2024:03:06:15:20:10:084174 MESSAGE] Main menu changed...
[2024:03:06:15:20:10:088005  ERROR ] gnome_pie_app_action_construct: assertion 'icon != NULL' failed
[2024:03:06:15:20:10:088022  ERROR ] gnome_pie_action_group_add_action: assertion 'new_action != NULL' failed
[2024:03:06:15:20:15:561656 MESSAGE] Error loading image file: Failed to open file “/usr/share/icons/tidal-hifi/tidal-hifi.png”: No such file or directory
[2024:03:06:15:20:15:561871 MESSAGE] Error loading image file: Failed to open file “/usr/share/icons/tidal-hifi/tidal-hifi.png”: No such file or directory
[2024:03:06:15:20:15:562186 WARNING] Icon "mpv" not found! Using default icon...
[2024:03:06:15:20:15:562793 WARNING] Icon "mpv" not found! Using default icon...
[2024:03:06:15:24:09:102603 MESSAGE] Error loading image file: Failed to open file “/usr/share/icons/tidal-hifi/tidal-hifi.png”: No such file or directory
[2024:03:06:15:24:09:102797 MESSAGE] Error loading image file: Failed to open file “/usr/share/icons/tidal-hifi/tidal-hifi.png”: No such file or directory
[2024:03:06:15:24:09:103193 WARNING] Icon "mpv" not found! Using default icon...
[2024:03:06:15:24:09:103718 WARNING] Icon "mpv" not found! Using default icon...
[2024:03:06:15:37:20:981279 MESSAGE] Main menu changed...
[2024:03:06:15:37:20:985372  ERROR ] gnome_pie_app_action_construct: assertion 'icon != NULL' failed
[2024:03:06:15:37:20:985391  ERROR ] gnome_pie_action_group_add_action: assertion 'new_action != NULL' failed
[2024:03:06:16:29:06:634333 MESSAGE] Caught signal (15), bye!
[2024:03:06:16:46:36:767319 MESSAGE] Welcome to Gnome-Pie 0.7.3!
[2024:03:06:16:46:36:767759 WARNING] Running on Wayland - running with limited options.
[2024:03:06:16:46:36:768862 WARNING] The WindowList slice group is not supported on Wayland.
[2024:03:06:16:46:36:769401 MESSAGE] Loading Pies from "/home/celes/.config/gnome-pie/pies.conf".
[2024:03:06:16:46:36:850898  ERROR ] gnome_pie_app_action_construct: assertion 'icon != NULL' failed
[2024:03:06:16:46:36:850923  ERROR ] gnome_pie_action_group_add_action: assertion 'new_action != NULL' failed
[2024:03:06:16:46:37:070895 WARNING] Failed to find bookmarks file!
[2024:03:06:16:46:37:110327 MESSAGE] Error loading image file: Failed to open file “/org/gtk/libgtk/icons/16x16/actions/media-playback-start.png”: No such file or directory
[2024:03:06:16:46:37:111586 WARNING] Icon "applications-accessories" not found! Using default icon...
[2024:03:06:16:46:37:112703 WARNING] Icon "preferences-system-windows" not found! Using default icon...
[2024:03:06:16:46:37:114706 MESSAGE] Error loading image file: Failed to open file “/org/gtk/libgtk/icons/16x16/actions/list-add.png”: No such file or directory
[2024:03:06:16:46:37:144499 MESSAGE] Error loading image file: Failed to open file “/org/gtk/libgtk/icons/16x16/actions/edit-paste.png”: No such file or directory
[2024:03:06:16:46:37:607254 MESSAGE] Error loading image file: Failed to open file “/home/celes/.config/gnome-pie/themes/minimalistic/preview.png”: No such file or directory
[2024:03:06:16:46:37:618389 MESSAGE] Error loading image file: Failed to open file “/usr/share/icons/tidal-hifi/tidal-hifi.png”: No such file or directory
[2024:03:06:16:46:37:618613 MESSAGE] Error loading image file: Failed to open file “/usr/share/icons/tidal-hifi/tidal-hifi.png”: No such file or directory
[2024:03:06:16:46:37:618935 WARNING] Icon "mpv" not found! Using default icon...
[2024:03:06:16:46:37:619541 WARNING] Icon "mpv" not found! Using default icon...
[2024:03:06:16:46:37:648454 MESSAGE] Started happily...
[2024:03:06:16:50:37:846704 MESSAGE] Main menu changed...
[2024:03:06:16:50:37:853622  ERROR ] gnome_pie_app_action_construct: assertion 'icon != NULL' failed
[2024:03:06:16:50:37:853637  ERROR ] gnome_pie_action_group_add_action: assertion 'new_action != NULL' failed
[2024:03:06:16:51:23:957828 MESSAGE] Main menu changed...
[2024:03:06:16:51:23:965949  ERROR ] gnome_pie_app_action_construct: assertion 'icon != NULL' failed
[2024:03:06:16:51:23:965965  ERROR ] gnome_pie_action_group_add_action: assertion 'new_action != NULL' failed
[2024:03:06:16:51:29:544919 WARNING] Icon "mpv" not found! Using default icon...
[2024:03:06:16:51:29:545603 WARNING] Icon "mpv" not found! Using default icon...
[2024:03:06:16:53:15:887639 MESSAGE] Welcome to Gnome-Pie 0.7.3!
[2024:03:06:16:53:15:887673 WARNING] Running on Wayland - running with limited options.
[2024:03:06:16:53:15:887836 WARNING] The WindowList slice group is not supported on Wayland.
[2024:03:06:16:53:15:887898 MESSAGE] Loading Pies from "/home/celes/.config/gnome-pie/pies.conf".
[2024:03:06:16:53:15:957021  ERROR ] gnome_pie_app_action_construct: assertion 'icon != NULL' failed
[2024:03:06:16:53:15:957045  ERROR ] gnome_pie_action_group_add_action: assertion 'new_action != NULL' failed
[2024:03:06:16:53:16:192223 WARNING] Failed to find bookmarks file!
[2024:03:06:16:53:16:215073 MESSAGE] Error loading image file: Failed to open file “/org/gtk/libgtk/icons/16x16/actions/media-playback-start.png”: No such file or directory
[2024:03:06:16:53:16:215989 WARNING] Icon "applications-accessories" not found! Using default icon...
[2024:03:06:16:53:16:216818 WARNING] Icon "preferences-system-windows" not found! Using default icon...
[2024:03:06:16:53:16:218705 MESSAGE] Error loading image file: Failed to open file “/org/gtk/libgtk/icons/16x16/actions/list-add.png”: No such file or directory
[2024:03:06:16:53:16:242241 MESSAGE] Error loading image file: Failed to open file “/org/gtk/libgtk/icons/16x16/actions/edit-paste.png”: No such file or directory
[2024:03:06:16:53:16:677730 MESSAGE] Error loading image file: Failed to open file “/home/celes/.config/gnome-pie/themes/minimalistic/preview.png”: No such file or directory
[2024:03:06:16:53:16:699935 WARNING] Icon "mpv" not found! Using default icon...
[2024:03:06:16:53:16:700522 WARNING] Icon "mpv" not found! Using default icon...
[2024:03:06:16:53:16:724969 MESSAGE] Started happily...
[2024:03:06:16:57:53:968363 WARNING] Icon "mpv" not found! Using default icon...
[2024:03:06:16:57:53:969138 WARNING] Icon "mpv" not found! Using default icon...
[2024:03:06:17:10:40:124265 MESSAGE] Devices changed...
[2024:03:06:17:14:12:135542 MESSAGE] Devices changed...
[2024:03:06:17:18:28:075640 WARNING] Icon "mpv" not found! Using default icon...
[2024:03:06:17:18:28:076325 WARNING] Icon "mpv" not found! Using default icon...
[2024:03:06:17:45:02:696820 MESSAGE] Main menu changed...
[2024:03:06:17:45:02:710705  ERROR ] gnome_pie_app_action_construct: assertion 'icon != NULL' failed
[2024:03:06:17:45:02:710772  ERROR ] gnome_pie_action_group_add_action: assertion 'new_action != NULL' failed
[2024:03:06:17:54:35:233739 MESSAGE] Caught signal (15), bye!
[2024:03:06:18:02:11:796781 MESSAGE] Welcome to Gnome-Pie 0.7.3!
[2024:03:06:18:02:11:797093 WARNING] Running on Wayland - running with limited options.
[2024:03:06:18:02:11:798312 WARNING] The WindowList slice group is not supported on Wayland.
[2024:03:06:18:02:11:798686 MESSAGE] Loading Pies from "/home/celes/.config/gnome-pie/pies.conf".
[2024:03:06:18:02:12:011320  ERROR ] gnome_pie_app_action_construct: assertion 'icon != NULL' failed
[2024:03:06:18:02:12:011356  ERROR ] gnome_pie_action_group_add_action: assertion 'new_action != NULL' failed
[2024:03:06:18:02:12:239661 WARNING] Failed to find bookmarks file!
[2024:03:06:18:02:12:281110 MESSAGE] Error loading image file: Failed to open file “/org/gtk/libgtk/icons/16x16/actions/media-playback-start.png”: No such file or directory
[2024:03:06:18:02:12:282571 WARNING] Icon "applications-accessories" not found! Using default icon...
[2024:03:06:18:02:12:283683 WARNING] Icon "preferences-system-windows" not found! Using default icon...
[2024:03:06:18:02:12:285399 MESSAGE] Error loading image file: Failed to open file “/org/gtk/libgtk/icons/16x16/actions/list-add.png”: No such file or directory
[2024:03:06:18:02:12:311614 MESSAGE] Error loading image file: Failed to open file “/org/gtk/libgtk/icons/16x16/actions/edit-paste.png”: No such file or directory
[2024:03:06:18:02:12:767068 MESSAGE] Error loading image file: Failed to open file “/home/celes/.config/gnome-pie/themes/minimalistic/preview.png”: No such file or directory
[2024:03:06:18:02:12:791664 WARNING] Icon "mpv" not found! Using default icon...
[2024:03:06:18:02:12:792233 WARNING] Icon "mpv" not found! Using default icon...
[2024:03:06:18:02:12:823754 MESSAGE] Started happily...
[2024:03:06:18:02:18:325041 WARNING] Icon "mpv" not found! Using default icon...
[2024:03:06:18:02:18:325707 WARNING] Icon "mpv" not found! Using default icon...
[2024:03:06:18:14:44:696196 MESSAGE] Main menu changed...
[2024:03:06:18:14:44:699832  ERROR ] gnome_pie_app_action_construct: assertion 'icon != NULL' failed
[2024:03:06:18:14:44:699847  ERROR ] gnome_pie_action_group_add_action: assertion 'new_action != NULL' failed
[2024:03:06:18:15:00:404212 MESSAGE] Main menu changed...
[2024:03:06:18:15:00:411456  ERROR ] gnome_pie_app_action_construct: assertion 'icon != NULL' failed
[2024:03:06:18:15:00:411472  ERROR ] gnome_pie_action_group_add_action: assertion 'new_action != NULL' failed
[2024:03:06:18:15:15:244494 MESSAGE] Error loading image file: Failed to open file “/usr/share/icons/tidal-hifi/tidal-hifi.png”: No such file or directory
[2024:03:06:18:15:15:244698 MESSAGE] Error loading image file: Failed to open file “/usr/share/icons/tidal-hifi/tidal-hifi.png”: No such file or directory
[2024:03:06:18:15:15:245031 WARNING] Icon "mpv" not found! Using default icon...
[2024:03:06:18:15:15:245572 WARNING] Icon "mpv" not found! Using default icon...
[2024:03:06:19:06:05:929737 MESSAGE] Caught signal (15), bye!
[2024:03:06:19:17:11:779235 MESSAGE] Welcome to Gnome-Pie 0.7.3!
[2024:03:06:19:17:11:779770 WARNING] Running on Wayland - running with limited options.
[2024:03:06:19:17:11:780919 WARNING] The WindowList slice group is not supported on Wayland.
[2024:03:06:19:17:11:781430 MESSAGE] Loading Pies from "/home/celes/.config/gnome-pie/pies.conf".
[2024:03:06:19:17:11:865033  ERROR ] gnome_pie_app_action_construct: assertion 'icon != NULL' failed
[2024:03:06:19:17:11:865060  ERROR ] gnome_pie_action_group_add_action: assertion 'new_action != NULL' failed
[2024:03:06:19:17:12:092634 WARNING] Failed to find bookmarks file!
[2024:03:06:19:17:12:131924 MESSAGE] Error loading image file: Failed to open file “/org/gtk/libgtk/icons/16x16/actions/media-playback-start.png”: No such file or directory
[2024:03:06:19:17:12:133191 WARNING] Icon "applications-accessories" not found! Using default icon...
[2024:03:06:19:17:12:134356 WARNING] Icon "preferences-system-windows" not found! Using default icon...
[2024:03:06:19:17:12:136309 MESSAGE] Error loading image file: Failed to open file “/org/gtk/libgtk/icons/16x16/actions/list-add.png”: No such file or directory
[2024:03:06:19:17:12:159363 MESSAGE] Error loading image file: Failed to open file “/org/gtk/libgtk/icons/16x16/actions/edit-paste.png”: No such file or directory
[2024:03:06:19:17:12:608018 MESSAGE] Error loading image file: Failed to open file “/home/celes/.config/gnome-pie/themes/minimalistic/preview.png”: No such file or directory
[2024:03:06:19:17:12:619275 MESSAGE] Error loading image file: Failed to open file “/usr/share/icons/tidal-hifi/tidal-hifi.png”: No such file or directory
[2024:03:06:19:17:12:619531 MESSAGE] Error loading image file: Failed to open file “/usr/share/icons/tidal-hifi/tidal-hifi.png”: No such file or directory
[2024:03:06:19:17:12:619922 WARNING] Icon "mpv" not found! Using default icon...
[2024:03:06:19:17:12:620512 WARNING] Icon "mpv" not found! Using default icon...
[2024:03:06:19:17:12:649228 MESSAGE] Started happily...
[2024:03:06:19:23:06:133643 MESSAGE] Error loading image file: Failed to open file “/usr/share/icons/tidal-hifi/tidal-hifi.png”: No such file or directory
[2024:03:06:19:23:06:133871 MESSAGE] Error loading image file: Failed to open file “/usr/share/icons/tidal-hifi/tidal-hifi.png”: No such file or directory
[2024:03:06:19:23:06:134219 WARNING] Icon "mpv" not found! Using default icon...
[2024:03:06:19:23:06:134908 WARNING] Icon "mpv" not found! Using default icon...
[2024:03:06:19:23:21:785414 MESSAGE] Main menu changed...
[2024:03:06:19:23:21:789485  ERROR ] gnome_pie_app_action_construct: assertion 'icon != NULL' failed
[2024:03:06:19:23:21:789508  ERROR ] gnome_pie_action_group_add_action: assertion 'new_action != NULL' failed
[2024:03:06:19:23:22:617947 MESSAGE] Main menu changed...
[2024:03:06:19:23:22:622007  ERROR ] gnome_pie_app_action_construct: assertion 'icon != NULL' failed
[2024:03:06:19:23:22:622025  ERROR ] gnome_pie_action_group_add_action: assertion 'new_action != NULL' failed
[2024:03:06:19:30:27:859161 MESSAGE] Welcome to Gnome-Pie 0.7.3!
[2024:03:06:19:30:27:859195 WARNING] Running on Wayland - running with limited options.
[2024:03:06:19:30:27:859362 WARNING] The WindowList slice group is not supported on Wayland.
[2024:03:06:19:30:27:859426 MESSAGE] Loading Pies from "/home/celes/.config/gnome-pie/pies.conf".
[2024:03:06:19:30:27:959464  ERROR ] gnome_pie_app_action_construct: assertion 'icon != NULL' failed
[2024:03:06:19:30:27:959490  ERROR ] gnome_pie_action_group_add_action: assertion 'new_action != NULL' failed
[2024:03:06:19:30:28:172463 WARNING] Failed to find bookmarks file!
[2024:03:06:19:30:28:189616 MESSAGE] Error loading image file: Failed to open file “/org/gtk/libgtk/icons/16x16/actions/media-playback-start.png”: No such file or directory
[2024:03:06:19:30:28:190348 WARNING] Icon "applications-accessories" not found! Using default icon...
[2024:03:06:19:30:28:190992 WARNING] Icon "preferences-system-windows" not found! Using default icon...
[2024:03:06:19:30:28:192424 MESSAGE] Error loading image file: Failed to open file “/org/gtk/libgtk/icons/16x16/actions/list-add.png”: No such file or directory
[2024:03:06:19:30:28:214968 MESSAGE] Error loading image file: Failed to open file “/org/gtk/libgtk/icons/16x16/actions/edit-paste.png”: No such file or directory
[2024:03:06:19:30:28:678832 MESSAGE] Error loading image file: Failed to open file “/home/celes/.config/gnome-pie/themes/minimalistic/preview.png”: No such file or directory
[2024:03:06:19:30:28:688672 MESSAGE] Error loading image file: Failed to open file “/usr/share/icons/tidal-hifi/tidal-hifi.png”: No such file or directory
[2024:03:06:19:30:28:688887 MESSAGE] Error loading image file: Failed to open file “/usr/share/icons/tidal-hifi/tidal-hifi.png”: No such file or directory
[2024:03:06:19:30:28:689204 WARNING] Icon "mpv" not found! Using default icon...
[2024:03:06:19:30:28:689832 WARNING] Icon "mpv" not found! Using default icon...
[2024:03:06:19:30:28:713744 MESSAGE] Started happily...
[2024:03:06:19:50:43:155076 MESSAGE] Welcome to Gnome-Pie 0.7.3!
[2024:03:06:19:50:43:155526 WARNING] Running on Wayland - running with limited options.
[2024:03:06:19:50:43:156650 WARNING] The WindowList slice group is not supported on Wayland.
[2024:03:06:19:50:43:157176 MESSAGE] Loading Pies from "/home/celes/.config/gnome-pie/pies.conf".
[2024:03:06:19:50:43:234446  ERROR ] gnome_pie_app_action_construct: assertion 'icon != NULL' failed
[2024:03:06:19:50:43:234464  ERROR ] gnome_pie_action_group_add_action: assertion 'new_action != NULL' failed
[2024:03:06:19:50:43:452909 WARNING] Failed to find bookmarks file!
[2024:03:06:19:50:43:493516 MESSAGE] Error loading image file: Failed to open file “/org/gtk/libgtk/icons/16x16/actions/media-playback-start.png”: No such file or directory
[2024:03:06:19:50:43:495179 WARNING] Icon "applications-accessories" not found! Using default icon...
[2024:03:06:19:50:43:496589 WARNING] Icon "preferences-system-windows" not found! Using default icon...
[2024:03:06:19:50:43:498674 MESSAGE] Error loading image file: Failed to open file “/org/gtk/libgtk/icons/16x16/actions/list-add.png”: No such file or directory
[2024:03:06:19:50:43:532577 MESSAGE] Error loading image file: Failed to open file “/org/gtk/libgtk/icons/16x16/actions/edit-paste.png”: No such file or directory
[2024:03:06:19:50:44:010445 MESSAGE] Error loading image file: Failed to open file “/home/celes/.config/gnome-pie/themes/minimalistic/preview.png”: No such file or directory
[2024:03:06:19:50:44:021634 MESSAGE] Error loading image file: Failed to open file “/usr/share/icons/tidal-hifi/tidal-hifi.png”: No such file or directory
[2024:03:06:19:50:44:021853 MESSAGE] Error loading image file: Failed to open file “/usr/share/icons/tidal-hifi/tidal-hifi.png”: No such file or directory
[2024:03:06:19:50:44:022167 WARNING] Icon "mpv" not found! Using default icon...
[2024:03:06:19:50:44:022835 WARNING] Icon "mpv" not found! Using default icon...
[2024:03:06:19:50:44:050288 MESSAGE] Started happily...
[2024:03:06:19:51:38:290761 MESSAGE] Error loading image file: Failed to open file “/usr/share/icons/tidal-hifi/tidal-hifi.png”: No such file or directory
[2024:03:06:19:51:38:291043 MESSAGE] Error loading image file: Failed to open file “/usr/share/icons/tidal-hifi/tidal-hifi.png”: No such file or directory
[2024:03:06:19:51:38:291332 WARNING] Icon "mpv" not found! Using default icon...
[2024:03:06:19:51:38:291891 WARNING] Icon "mpv" not found! Using default icon...
[2024:03:06:20:42:45:234006 MESSAGE] Devices changed...
[2024:03:06:20:53:53:075899 MESSAGE] Main menu changed...
[2024:03:06:20:53:53:080455  ERROR ] gnome_pie_app_action_construct: assertion 'icon != NULL' failed
[2024:03:06:20:53:53:080483  ERROR ] gnome_pie_action_group_add_action: assertion 'new_action != NULL' failed
[2024:03:06:20:57:50:204732 MESSAGE] Devices changed...
[2024:03:06:21:03:20:574014 MESSAGE] Main menu changed...
[2024:03:06:21:03:20:593450  ERROR ] gnome_pie_app_action_construct: assertion 'icon != NULL' failed
[2024:03:06:21:03:20:593536  ERROR ] gnome_pie_action_group_add_action: assertion 'new_action != NULL' failed
[2024:03:06:21:06:28:863717 MESSAGE] Main menu changed...
[2024:03:06:21:06:28:871486  ERROR ] gnome_pie_app_action_construct: assertion 'icon != NULL' failed
[2024:03:06:21:06:28:871506  ERROR ] gnome_pie_action_group_add_action: assertion 'new_action != NULL' failed
[2024:03:06:21:06:34:937342 MESSAGE] Main menu changed...
[2024:03:06:21:06:34:956823  ERROR ] gnome_pie_app_action_construct: assertion 'icon != NULL' failed
[2024:03:06:21:06:34:956911  ERROR ] gnome_pie_action_group_add_action: assertion 'new_action != NULL' failed
[2024:03:06:21:09:24:741284 MESSAGE] Main menu changed...
[2024:03:06:21:09:24:760880  ERROR ] gnome_pie_app_action_construct: assertion 'icon != NULL' failed
[2024:03:06:21:09:24:760980  ERROR ] gnome_pie_action_group_add_action: assertion 'new_action != NULL' failed
[2024:03:07:06:43:42:231097 MESSAGE] Main menu changed...
[2024:03:07:06:43:42:235804  ERROR ] gnome_pie_app_action_construct: assertion 'icon != NULL' failed
[2024:03:07:06:43:42:235823  ERROR ] gnome_pie_action_group_add_action: assertion 'new_action != NULL' failed
[2024:03:07:06:53:18:398597 MESSAGE] Main menu changed...
[2024:03:07:06:53:18:402857  ERROR ] gnome_pie_app_action_construct: assertion 'icon != NULL' failed
[2024:03:07:06:53:18:402876  ERROR ] gnome_pie_action_group_add_action: assertion 'new_action != NULL' failed
[2024:03:07:07:03:09:397139 MESSAGE] Caught signal (15), bye!
[2024:03:07:09:43:08:273628 MESSAGE] Welcome to Gnome-Pie 0.7.3!
[2024:03:07:09:43:08:274044 WARNING] Running on Wayland - running with limited options.
[2024:03:07:09:43:08:275014 WARNING] The WindowList slice group is not supported on Wayland.
[2024:03:07:09:43:08:275482 MESSAGE] Loading Pies from "/home/celes/.config/gnome-pie/pies.conf".
[2024:03:07:09:43:08:362096  ERROR ] gnome_pie_app_action_construct: assertion 'icon != NULL' failed
[2024:03:07:09:43:08:362124  ERROR ] gnome_pie_action_group_add_action: assertion 'new_action != NULL' failed
[2024:03:07:09:43:08:591345 WARNING] Failed to find bookmarks file!
[2024:03:07:09:43:08:609638 MESSAGE] Error loading image file: Failed to open file “/org/gtk/libgtk/icons/16x16/actions/media-playback-start.png”: No such file or directory
[2024:03:07:09:43:08:610755 WARNING] Icon "applications-accessories" not found! Using default icon...
[2024:03:07:09:43:08:611785 WARNING] Icon "preferences-system-windows" not found! Using default icon...
[2024:03:07:09:43:08:613623 MESSAGE] Error loading image file: Failed to open file “/org/gtk/libgtk/icons/16x16/actions/list-add.png”: No such file or directory
[2024:03:07:09:43:08:649688 MESSAGE] Error loading image file: Failed to open file “/org/gtk/libgtk/icons/16x16/actions/edit-paste.png”: No such file or directory
[2024:03:07:09:43:09:181855 MESSAGE] Error loading image file: Failed to open file “/home/celes/.config/gnome-pie/themes/minimalistic/preview.png”: No such file or directory
[2024:03:07:09:43:09:192943 MESSAGE] Error loading image file: Failed to open file “/usr/share/icons/tidal-hifi/tidal-hifi.png”: No such file or directory
[2024:03:07:09:43:09:193242 MESSAGE] Error loading image file: Failed to open file “/usr/share/icons/tidal-hifi/tidal-hifi.png”: No such file or directory
[2024:03:07:09:43:09:193672 WARNING] Icon "mpv" not found! Using default icon...
[2024:03:07:09:43:09:194300 WARNING] Icon "mpv" not found! Using default icon...
[2024:03:07:09:43:09:222779 MESSAGE] Started happily...
[2024:03:07:09:44:45:083828 MESSAGE] Main menu changed...
[2024:03:07:09:44:45:091935  ERROR ] gnome_pie_app_action_construct: assertion 'icon != NULL' failed
[2024:03:07:09:44:45:091964  ERROR ] gnome_pie_action_group_add_action: assertion 'new_action != NULL' failed
[2024:03:07:10:33:15:830741 MESSAGE] Caught signal (15), bye!
[2024:03:07:11:03:28:475521 MESSAGE] Welcome to Gnome-Pie 0.7.3!
[2024:03:07:11:03:28:475969 WARNING] Running on Wayland - running with limited options.
[2024:03:07:11:03:28:477126 WARNING] The WindowList slice group is not supported on Wayland.
[2024:03:07:11:03:28:477619 MESSAGE] Loading Pies from "/home/celes/.config/gnome-pie/pies.conf".
[2024:03:07:11:03:28:562648  ERROR ] gnome_pie_app_action_construct: assertion 'icon != NULL' failed
[2024:03:07:11:03:28:562673  ERROR ] gnome_pie_action_group_add_action: assertion 'new_action != NULL' failed
[2024:03:07:11:03:28:787996 WARNING] Failed to find bookmarks file!
[2024:03:07:11:03:28:830803 MESSAGE] Error loading image file: Failed to open file “/org/gtk/libgtk/icons/16x16/actions/media-playback-start.png”: No such file or directory
[2024:03:07:11:03:28:832274 WARNING] Icon "applications-accessories" not found! Using default icon...
[2024:03:07:11:03:28:833400 WARNING] Icon "preferences-system-windows" not found! Using default icon...
[2024:03:07:11:03:28:835368 MESSAGE] Error loading image file: Failed to open file “/org/gtk/libgtk/icons/16x16/actions/list-add.png”: No such file or directory
[2024:03:07:11:03:28:857902 MESSAGE] Error loading image file: Failed to open file “/org/gtk/libgtk/icons/16x16/actions/edit-paste.png”: No such file or directory
[2024:03:07:11:03:29:374547 MESSAGE] Error loading image file: Failed to open file “/home/celes/.config/gnome-pie/themes/minimalistic/preview.png”: No such file or directory
[2024:03:07:11:03:29:385172 MESSAGE] Error loading image file: Failed to open file “/usr/share/icons/tidal-hifi/tidal-hifi.png”: No such file or directory
[2024:03:07:11:03:29:385383 MESSAGE] Error loading image file: Failed to open file “/usr/share/icons/tidal-hifi/tidal-hifi.png”: No such file or directory
[2024:03:07:11:03:29:385701 WARNING] Icon "mpv" not found! Using default icon...
[2024:03:07:11:03:29:386293 WARNING] Icon "mpv" not found! Using default icon...
[2024:03:07:11:03:29:413761 MESSAGE] Started happily...
[2024:03:07:11:06:10:940965 MESSAGE] Error loading image file: Failed to open file “/usr/share/icons/tidal-hifi/tidal-hifi.png”: No such file or directory
[2024:03:07:11:06:10:941237 MESSAGE] Error loading image file: Failed to open file “/usr/share/icons/tidal-hifi/tidal-hifi.png”: No such file or directory
[2024:03:07:11:06:10:941529 WARNING] Icon "mpv" not found! Using default icon...
[2024:03:07:11:06:10:942079 WARNING] Icon "mpv" not found! Using default icon...
[2024:03:07:11:07:18:186304 MESSAGE] Error loading image file: Failed to open file “/usr/share/icons/tidal-hifi/tidal-hifi.png”: No such file or directory
[2024:03:07:11:07:18:186503 MESSAGE] Error loading image file: Failed to open file “/usr/share/icons/tidal-hifi/tidal-hifi.png”: No such file or directory
[2024:03:07:11:07:18:186795 WARNING] Icon "mpv" not found! Using default icon...
[2024:03:07:11:07:18:187417 WARNING] Icon "mpv" not found! Using default icon...
[2024:03:07:11:27:13:094378 MESSAGE] Main menu changed...
[2024:03:07:11:27:13:102422  ERROR ] gnome_pie_app_action_construct: assertion 'icon != NULL' failed
[2024:03:07:11:27:13:102441  ERROR ] gnome_pie_action_group_add_action: assertion 'new_action != NULL' failed
[2024:03:07:11:34:46:643662 MESSAGE] Main menu changed...
[2024:03:07:11:34:46:648358  ERROR ] gnome_pie_app_action_construct: assertion 'icon != NULL' failed
[2024:03:07:11:34:46:648379  ERROR ] gnome_pie_action_group_add_action: assertion 'new_action != NULL' failed
[2024:03:07:11:55:25:125910 MESSAGE] Caught signal (15), bye!
[2024:03:07:11:57:37:723768 MESSAGE] Welcome to Gnome-Pie 0.7.3!
[2024:03:07:11:57:37:724219 WARNING] Running on Wayland - running with limited options.
[2024:03:07:11:57:37:725318 WARNING] The WindowList slice group is not supported on Wayland.
[2024:03:07:11:57:37:725863 MESSAGE] Loading Pies from "/home/celes/.config/gnome-pie/pies.conf".
[2024:03:07:11:57:37:809242  ERROR ] gnome_pie_app_action_construct: assertion 'icon != NULL' failed
[2024:03:07:11:57:37:809264  ERROR ] gnome_pie_action_group_add_action: assertion 'new_action != NULL' failed
[2024:03:07:11:57:38:034704 WARNING] Failed to find bookmarks file!
[2024:03:07:11:57:38:078024 MESSAGE] Error loading image file: Failed to open file “/org/gtk/libgtk/icons/16x16/actions/media-playback-start.png”: No such file or directory
[2024:03:07:11:57:38:079366 WARNING] Icon "applications-accessories" not found! Using default icon...
[2024:03:07:11:57:38:080431 WARNING] Icon "preferences-system-windows" not found! Using default icon...
[2024:03:07:11:57:38:082399 MESSAGE] Error loading image file: Failed to open file “/org/gtk/libgtk/icons/16x16/actions/list-add.png”: No such file or directory
[2024:03:07:11:57:38:105090 MESSAGE] Error loading image file: Failed to open file “/org/gtk/libgtk/icons/16x16/actions/edit-paste.png”: No such file or directory
[2024:03:07:11:57:38:613090 MESSAGE] Error loading image file: Failed to open file “/home/celes/.config/gnome-pie/themes/minimalistic/preview.png”: No such file or directory
[2024:03:07:11:57:38:624339 MESSAGE] Error loading image file: Failed to open file “/usr/share/icons/tidal-hifi/tidal-hifi.png”: No such file or directory
[2024:03:07:11:57:38:624702 MESSAGE] Error loading image file: Failed to open file “/usr/share/icons/tidal-hifi/tidal-hifi.png”: No such file or directory
[2024:03:07:11:57:38:625038 WARNING] Icon "mpv" not found! Using default icon...
[2024:03:07:11:57:38:625683 WARNING] Icon "mpv" not found! Using default icon...
[2024:03:07:11:57:38:653146 MESSAGE] Started happily...
[2024:03:07:12:35:55:471796 MESSAGE] Error loading image file: Failed to open file “/usr/share/icons/tidal-hifi/tidal-hifi.png”: No such file or directory
[2024:03:07:12:35:55:471988 MESSAGE] Error loading image file: Failed to open file “/usr/share/icons/tidal-hifi/tidal-hifi.png”: No such file or directory
[2024:03:07:12:35:55:472355 WARNING] Icon "mpv" not found! Using default icon...
[2024:03:07:12:35:55:472885 WARNING] Icon "mpv" not found! Using default icon...
[2024:03:07:12:36:37:782770 MESSAGE] Error loading image file: Failed to open file “/usr/share/icons/tidal-hifi/tidal-hifi.png”: No such file or directory
[2024:03:07:12:36:37:782962 MESSAGE] Error loading image file: Failed to open file “/usr/share/icons/tidal-hifi/tidal-hifi.png”: No such file or directory
[2024:03:07:12:36:37:783245 WARNING] Icon "mpv" not found! Using default icon...
[2024:03:07:12:36:37:783774 WARNING] Icon "mpv" not found! Using default icon...
[2024:03:07:15:34:55:916004 MESSAGE] Main menu changed...
[2024:03:07:15:34:55:919839  ERROR ] gnome_pie_app_action_construct: assertion 'icon != NULL' failed
[2024:03:07:15:34:55:919856  ERROR ] gnome_pie_action_group_add_action: assertion 'new_action != NULL' failed
[2024:03:07:15:34:56:694231 MESSAGE] Main menu changed...
[2024:03:07:15:34:56:698371  ERROR ] gnome_pie_app_action_construct: assertion 'icon != NULL' failed
[2024:03:07:15:34:56:698390  ERROR ] gnome_pie_action_group_add_action: assertion 'new_action != NULL' failed
[2024:03:07:17:44:22:144237 MESSAGE] Caught signal (15), bye!
[2024:03:08:15:43:17:302352 MESSAGE] Welcome to Gnome-Pie 0.7.3!
[2024:03:08:15:43:17:306725 WARNING] Running on Wayland - running with limited options.
[2024:03:08:15:43:17:307751 WARNING] The WindowList slice group is not supported on Wayland.
[2024:03:08:15:43:17:308293 MESSAGE] Loading Pies from "/home/celes/.config/gnome-pie/pies.conf".
[2024:03:08:15:43:17:476844  ERROR ] gnome_pie_app_action_construct: assertion 'icon != NULL' failed
[2024:03:08:15:43:17:476864  ERROR ] gnome_pie_action_group_add_action: assertion 'new_action != NULL' failed
[2024:03:08:15:43:18:074161 WARNING] Failed to find bookmarks file!
[2024:03:08:15:43:18:094790 MESSAGE] Error loading image file: Failed to open file “/org/gtk/libgtk/icons/16x16/actions/media-playback-start.png”: No such file or directory
[2024:03:08:15:43:18:095673 WARNING] Icon "applications-accessories" not found! Using default icon...
[2024:03:08:15:43:18:096451 WARNING] Icon "preferences-system-windows" not found! Using default icon...
[2024:03:08:15:43:18:097430 MESSAGE] Error loading image file: Failed to open file “/org/gtk/libgtk/icons/16x16/actions/list-add.png”: No such file or directory
[2024:03:08:15:43:18:117477 MESSAGE] Error loading image file: Failed to open file “/org/gtk/libgtk/icons/16x16/actions/edit-paste.png”: No such file or directory
[2024:03:08:15:43:18:632737 MESSAGE] Error loading image file: Failed to open file “/home/celes/.config/gnome-pie/themes/minimalistic/preview.png”: No such file or directory
[2024:03:08:15:43:18:643312 MESSAGE] Error loading image file: Failed to open file “/usr/share/icons/tidal-hifi/tidal-hifi.png”: No such file or directory
[2024:03:08:15:43:18:643523 MESSAGE] Error loading image file: Failed to open file “/usr/share/icons/tidal-hifi/tidal-hifi.png”: No such file or directory
[2024:03:08:15:43:18:643837 WARNING] Icon "mpv" not found! Using default icon...
[2024:03:08:15:43:18:644429 WARNING] Icon "mpv" not found! Using default icon...
[2024:03:08:15:43:18:671815 MESSAGE] Started happily...
[2024:03:08:16:01:28:693817 MESSAGE] Devices changed...
[2024:03:08:16:07:34:424796 MESSAGE] Devices changed...
[2024:03:08:16:26:51:531577 MESSAGE] Caught signal (15), bye!
[2024:03:08:19:43:04:632065 MESSAGE] Welcome to Gnome-Pie 0.7.3!
[2024:03:08:19:43:04:632536 WARNING] Running on Wayland - running with limited options.
[2024:03:08:19:43:04:633710 WARNING] The WindowList slice group is not supported on Wayland.
[2024:03:08:19:43:04:634190 MESSAGE] Loading Pies from "/home/celes/.config/gnome-pie/pies.conf".
[2024:03:08:19:43:04:711211  ERROR ] gnome_pie_app_action_construct: assertion 'icon != NULL' failed
[2024:03:08:19:43:04:711230  ERROR ] gnome_pie_action_group_add_action: assertion 'new_action != NULL' failed
[2024:03:08:19:43:04:943237 WARNING] Failed to find bookmarks file!
[2024:03:08:19:43:04:985216 MESSAGE] Error loading image file: Failed to open file “/org/gtk/libgtk/icons/16x16/actions/media-playback-start.png”: No such file or directory
[2024:03:08:19:43:04:986673 WARNING] Icon "applications-accessories" not found! Using default icon...
[2024:03:08:19:43:04:987802 WARNING] Icon "preferences-system-windows" not found! Using default icon...
[2024:03:08:19:43:04:989734 MESSAGE] Error loading image file: Failed to open file “/org/gtk/libgtk/icons/16x16/actions/list-add.png”: No such file or directory
[2024:03:08:19:43:05:012637 MESSAGE] Error loading image file: Failed to open file “/org/gtk/libgtk/icons/16x16/actions/edit-paste.png”: No such file or directory
[2024:03:08:19:43:05:538862 MESSAGE] Error loading image file: Failed to open file “/home/celes/.config/gnome-pie/themes/minimalistic/preview.png”: No such file or directory
[2024:03:08:19:43:05:549981 MESSAGE] Error loading image file: Failed to open file “/usr/share/icons/tidal-hifi/tidal-hifi.png”: No such file or directory
[2024:03:08:19:43:05:550193 MESSAGE] Error loading image file: Failed to open file “/usr/share/icons/tidal-hifi/tidal-hifi.png”: No such file or directory
[2024:03:08:19:43:05:550571 WARNING] Icon "mpv" not found! Using default icon...
[2024:03:08:19:43:05:551171 WARNING] Icon "mpv" not found! Using default icon...
[2024:03:08:19:43:05:579503 MESSAGE] Started happily...
[2024:03:08:20:17:08:790245 MESSAGE] Caught signal (15), bye!
[2024:03:09:20:28:39:303994 MESSAGE] Welcome to Gnome-Pie 0.7.3!
[2024:03:09:20:28:39:304723 WARNING] Running on Wayland - running with limited options.
[2024:03:09:20:28:39:305871 WARNING] The WindowList slice group is not supported on Wayland.
[2024:03:09:20:28:39:306427 MESSAGE] Loading Pies from "/home/celes/.config/gnome-pie/pies.conf".
[2024:03:09:20:28:39:396281  ERROR ] gnome_pie_app_action_construct: assertion 'icon != NULL' failed
[2024:03:09:20:28:39:396310  ERROR ] gnome_pie_action_group_add_action: assertion 'new_action != NULL' failed
[2024:03:09:20:28:39:622637 WARNING] Failed to find bookmarks file!
[2024:03:09:20:28:39:663801 MESSAGE] Error loading image file: Failed to open file “/org/gtk/libgtk/icons/16x16/actions/media-playback-start.png”: No such file or directory
[2024:03:09:20:28:39:665237 WARNING] Icon "applications-accessories" not found! Using default icon...
[2024:03:09:20:28:39:666427 WARNING] Icon "preferences-system-windows" not found! Using default icon...
[2024:03:09:20:28:39:668108 MESSAGE] Error loading image file: Failed to open file “/org/gtk/libgtk/icons/16x16/actions/list-add.png”: No such file or directory
[2024:03:09:20:28:39:692478 MESSAGE] Error loading image file: Failed to open file “/org/gtk/libgtk/icons/16x16/actions/edit-paste.png”: No such file or directory
[2024:03:09:20:28:40:215252 MESSAGE] Error loading image file: Failed to open file “/home/celes/.config/gnome-pie/themes/minimalistic/preview.png”: No such file or directory
[2024:03:09:20:28:40:226373 MESSAGE] Error loading image file: Failed to open file “/usr/share/icons/tidal-hifi/tidal-hifi.png”: No such file or directory
[2024:03:09:20:28:40:226733 MESSAGE] Error loading image file: Failed to open file “/usr/share/icons/tidal-hifi/tidal-hifi.png”: No such file or directory
[2024:03:09:20:28:40:227361 WARNING] Icon "mpv" not found! Using default icon...
[2024:03:09:20:28:40:228326 WARNING] Icon "mpv" not found! Using default icon...
[2024:03:09:20:28:40:256541 MESSAGE] Started happily...
[2024:03:09:20:29:17:860612 MESSAGE] Error loading image file: Failed to open file “/usr/share/icons/tidal-hifi/tidal-hifi.png”: No such file or directory
[2024:03:09:20:29:17:860921 MESSAGE] Error loading image file: Failed to open file “/usr/share/icons/tidal-hifi/tidal-hifi.png”: No such file or directory
[2024:03:09:20:29:17:861209 WARNING] Icon "mpv" not found! Using default icon...
[2024:03:09:20:29:17:861771 WARNING] Icon "mpv" not found! Using default icon...
[2024:03:09:20:30:19:803378 MESSAGE] Error loading image file: Failed to open file “/usr/share/icons/tidal-hifi/tidal-hifi.png”: No such file or directory
[2024:03:09:20:30:19:803589 MESSAGE] Error loading image file: Failed to open file “/usr/share/icons/tidal-hifi/tidal-hifi.png”: No such file or directory
[2024:03:09:20:30:19:803961 WARNING] Icon "mpv" not found! Using default icon...
[2024:03:09:20:30:19:804531 WARNING] Icon "mpv" not found! Using default icon...
[2024:03:09:20:33:18:242938 MESSAGE] Main menu changed...
[2024:03:09:20:33:18:251463  ERROR ] gnome_pie_app_action_construct: assertion 'icon != NULL' failed
[2024:03:09:20:33:18:251503  ERROR ] gnome_pie_action_group_add_action: assertion 'new_action != NULL' failed
[2024:03:09:20:33:56:667753 MESSAGE] Error loading image file: Failed to open file “/usr/share/icons/tidal-hifi/tidal-hifi.png”: No such file or directory
[2024:03:09:20:33:56:667988 MESSAGE] Error loading image file: Failed to open file “/usr/share/icons/tidal-hifi/tidal-hifi.png”: No such file or directory
[2024:03:09:20:33:56:668308 WARNING] Icon "mpv" not found! Using default icon...
[2024:03:09:20:33:56:668949 WARNING] Icon "mpv" not found! Using default icon...
[2024:03:09:20:42:00:506174 MESSAGE] Caught signal (15), bye!
[2024:03:10:01:05:32:302933 MESSAGE] Welcome to Gnome-Pie 0.7.3!
[2024:03:10:01:05:32:303400 WARNING] Running on Wayland - running with limited options.
[2024:03:10:01:05:32:304511 WARNING] The WindowList slice group is not supported on Wayland.
[2024:03:10:01:05:32:305066 MESSAGE] Loading Pies from "/home/celes/.config/gnome-pie/pies.conf".
[2024:03:10:01:05:32:392473  ERROR ] gnome_pie_app_action_construct: assertion 'icon != NULL' failed
[2024:03:10:01:05:32:392500  ERROR ] gnome_pie_action_group_add_action: assertion 'new_action != NULL' failed
[2024:03:10:01:05:32:609608 WARNING] Failed to find bookmarks file!
[2024:03:10:01:05:32:650687 MESSAGE] Error loading image file: Failed to open file “/org/gtk/libgtk/icons/16x16/actions/media-playback-start.png”: No such file or directory
[2024:03:10:01:05:32:652263 WARNING] Icon "applications-accessories" not found! Using default icon...
[2024:03:10:01:05:32:653366 WARNING] Icon "preferences-system-windows" not found! Using default icon...
[2024:03:10:01:05:32:655135 MESSAGE] Error loading image file: Failed to open file “/org/gtk/libgtk/icons/16x16/actions/list-add.png”: No such file or directory
[2024:03:10:01:05:32:677688 MESSAGE] Error loading image file: Failed to open file “/org/gtk/libgtk/icons/16x16/actions/edit-paste.png”: No such file or directory
[2024:03:10:01:05:33:179648 MESSAGE] Error loading image file: Failed to open file “/home/celes/.config/gnome-pie/themes/minimalistic/preview.png”: No such file or directory
[2024:03:10:01:05:33:189847 MESSAGE] Error loading image file: Failed to open file “/usr/share/icons/tidal-hifi/tidal-hifi.png”: No such file or directory
[2024:03:10:01:05:33:190064 MESSAGE] Error loading image file: Failed to open file “/usr/share/icons/tidal-hifi/tidal-hifi.png”: No such file or directory
[2024:03:10:01:05:33:190376 WARNING] Icon "mpv" not found! Using default icon...
[2024:03:10:01:05:33:191030 WARNING] Icon "mpv" not found! Using default icon...
[2024:03:10:01:05:33:217675 MESSAGE] Started happily...
[2024:03:10:03:19:17:223589 MESSAGE] Error loading image file: Failed to open file “/usr/share/icons/tidal-hifi/tidal-hifi.png”: No such file or directory
[2024:03:10:03:19:17:223831 MESSAGE] Error loading image file: Failed to open file “/usr/share/icons/tidal-hifi/tidal-hifi.png”: No such file or directory
[2024:03:10:03:19:17:224179 WARNING] Icon "mpv" not found! Using default icon...
[2024:03:10:03:19:17:224804 WARNING] Icon "mpv" not found! Using default icon...
[2024:03:10:04:46:04:091879 MESSAGE] Caught signal (15), bye!
[2024:03:13:17:44:08:281832 MESSAGE] Welcome to Gnome-Pie 0.7.3!
[2024:03:13:17:44:08:282289 WARNING] Running on Wayland - running with limited options.
[2024:03:13:17:44:08:283428 WARNING] The WindowList slice group is not supported on Wayland.
[2024:03:13:17:44:08:283980 MESSAGE] Loading Pies from "/home/celes/.config/gnome-pie/pies.conf".
[2024:03:13:17:44:08:360003  ERROR ] gnome_pie_app_action_construct: assertion 'icon != NULL' failed
[2024:03:13:17:44:08:360020  ERROR ] gnome_pie_action_group_add_action: assertion 'new_action != NULL' failed
[2024:03:13:17:44:08:601559 WARNING] Failed to find bookmarks file!
[2024:03:13:17:44:08:643642 MESSAGE] Error loading image file: Failed to open file “/org/gtk/libgtk/icons/16x16/actions/media-playback-start.png”: No such file or directory
[2024:03:13:17:44:08:645105 WARNING] Icon "applications-accessories" not found! Using default icon...
[2024:03:13:17:44:08:646226 WARNING] Icon "preferences-system-windows" not found! Using default icon...
[2024:03:13:17:44:08:648006 MESSAGE] Error loading image file: Failed to open file “/org/gtk/libgtk/icons/16x16/actions/list-add.png”: No such file or directory
[2024:03:13:17:44:08:677677 MESSAGE] Error loading image file: Failed to open file “/org/gtk/libgtk/icons/16x16/actions/edit-paste.png”: No such file or directory
[2024:03:13:17:44:09:203383 MESSAGE] Error loading image file: Failed to open file “/home/celes/.config/gnome-pie/themes/minimalistic/preview.png”: No such file or directory
[2024:03:13:17:44:09:215190 MESSAGE] Error loading image file: Failed to open file “/usr/share/icons/tidal-hifi/tidal-hifi.png”: No such file or directory
[2024:03:13:17:44:09:215432 MESSAGE] Error loading image file: Failed to open file “/usr/share/icons/tidal-hifi/tidal-hifi.png”: No such file or directory
[2024:03:13:17:44:09:215768 WARNING] Icon "mpv" not found! Using default icon...
[2024:03:13:17:44:09:216425 WARNING] Icon "mpv" not found! Using default icon...
[2024:03:13:17:44:09:244165 MESSAGE] Started happily...
[2024:03:13:17:46:51:941756 MESSAGE] Error loading image file: Failed to open file “/usr/share/icons/tidal-hifi/tidal-hifi.png”: No such file or directory
[2024:03:13:17:46:51:941941 MESSAGE] Error loading image file: Failed to open file “/usr/share/icons/tidal-hifi/tidal-hifi.png”: No such file or directory
[2024:03:13:17:46:51:942219 WARNING] Icon "mpv" not found! Using default icon...
[2024:03:13:17:46:51:942730 WARNING] Icon "mpv" not found! Using default icon...
[2024:03:13:17:46:57:212394 MESSAGE] Error loading image file: Failed to open file “/usr/share/icons/tidal-hifi/tidal-hifi.png”: No such file or directory
[2024:03:13:17:46:57:212604 MESSAGE] Error loading image file: Failed to open file “/usr/share/icons/tidal-hifi/tidal-hifi.png”: No such file or directory
[2024:03:13:17:46:57:212901 WARNING] Icon "mpv" not found! Using default icon...
[2024:03:13:17:46:57:213898 WARNING] Icon "mpv" not found! Using default icon...
[2024:03:13:17:53:46:899584 MESSAGE] Welcome to Gnome-Pie 0.7.3!
[2024:03:13:17:53:46:899621 WARNING] Running on Wayland - running with limited options.
[2024:03:13:17:53:46:899836 WARNING] The WindowList slice group is not supported on Wayland.
[2024:03:13:17:53:46:899919 MESSAGE] Loading Pies from "/home/celes/.config/gnome-pie/pies.conf".
[2024:03:13:17:53:46:971948  ERROR ] gnome_pie_app_action_construct: assertion 'icon != NULL' failed
[2024:03:13:17:53:46:971970  ERROR ] gnome_pie_action_group_add_action: assertion 'new_action != NULL' failed
[2024:03:13:17:53:47:202675 WARNING] Failed to find bookmarks file!
[2024:03:13:17:53:47:242441 MESSAGE] Error loading image file: Failed to open file “/org/gtk/libgtk/icons/16x16/actions/media-playback-start.png”: No such file or directory
[2024:03:13:17:53:47:243192 WARNING] Icon "applications-accessories" not found! Using default icon...
[2024:03:13:17:53:47:243845 WARNING] Icon "preferences-system-windows" not found! Using default icon...
[2024:03:13:17:53:47:245339 MESSAGE] Error loading image file: Failed to open file “/org/gtk/libgtk/icons/16x16/actions/list-add.png”: No such file or directory
[2024:03:13:17:53:47:266580 MESSAGE] Error loading image file: Failed to open file “/org/gtk/libgtk/icons/16x16/actions/edit-paste.png”: No such file or directory
[2024:03:13:17:53:47:772856 MESSAGE] Error loading image file: Failed to open file “/home/celes/.config/gnome-pie/themes/minimalistic/preview.png”: No such file or directory
[2024:03:13:17:53:47:782656 MESSAGE] Error loading image file: Failed to open file “/usr/share/icons/tidal-hifi/tidal-hifi.png”: No such file or directory
[2024:03:13:17:53:47:782868 MESSAGE] Error loading image file: Failed to open file “/usr/share/icons/tidal-hifi/tidal-hifi.png”: No such file or directory
[2024:03:13:17:53:47:783297 WARNING] Icon "mpv" not found! Using default icon...
[2024:03:13:17:53:47:783882 WARNING] Icon "mpv" not found! Using default icon...
[2024:03:13:17:53:47:807827 MESSAGE] Started happily...
[2024:03:13:18:01:49:437279 MESSAGE] Caught signal (15), bye!
